[28-Apr-2024 11:02:21 UTC] PHP Parse error:  syntax error, unexpected variable "$image", expecting "," or ";" in C:\Users\Beka\Local Sites\acf-website\app\public\wp-content\themes\twentytwentyone\template-parts\HomePage.php on line 24
[28-Apr-2024 11:02:23 UTC] PHP Parse error:  syntax error, unexpected variable "$image", expecting "," or ";" in C:\Users\Beka\Local Sites\acf-website\app\public\wp-content\themes\twentytwentyone\template-parts\HomePage.php on line 24
[28-Apr-2024 11:02:35 UTC] PHP Parse error:  syntax error, unexpected variable "$image", expecting "," or ";" in C:\Users\Beka\Local Sites\acf-website\app\public\wp-content\themes\twentytwentyone\template-parts\HomePage.php on line 24
[06-May-2024 16:01:21 UTC] PHP Fatal error:  Uncaught ArgumentCountError: print_r() expects at least 1 argument, 0 given in C:\Users\Beka\Local Sites\acf-website\app\public\wp-content\themes\starter-theme\single-movie.php:6
Stack trace:
#0 C:\Users\Beka\Local Sites\acf-website\app\public\wp-content\themes\starter-theme\single-movie.php(6): print_r()
#1 C:\Users\Beka\Local Sites\acf-website\app\public\wp-includes\template-loader.php(106): include('C:\\Users\\Beka\\L...')
#2 C:\Users\Beka\Local Sites\acf-website\app\public\wp-blog-header.php(19): require_once('C:\\Users\\Beka\\L...')
#3 C:\Users\Beka\Local Sites\acf-website\app\public\index.php(17): require('C:\\Users\\Beka\\L...')
#4 {main}
  thrown in C:\Users\Beka\Local Sites\acf-website\app\public\wp-content\themes\starter-theme\single-movie.php on line 6
[06-May-2024 16:10:12 UTC] PHP Fatal error:  Uncaught Error: Cannot use object of type WP_Error as array in C:\Users\Beka\Local Sites\acf-website\app\public\wp-content\themes\starter-theme\single-movie.php:24
Stack trace:
#0 C:\Users\Beka\Local Sites\acf-website\app\public\wp-includes\template-loader.php(106): include()
#1 C:\Users\Beka\Local Sites\acf-website\app\public\wp-blog-header.php(19): require_once('C:\\Users\\Beka\\L...')
#2 C:\Users\Beka\Local Sites\acf-website\app\public\index.php(17): require('C:\\Users\\Beka\\L...')
#3 {main}
  thrown in C:\Users\Beka\Local Sites\acf-website\app\public\wp-content\themes\starter-theme\single-movie.php on line 24
[06-May-2024 16:10:40 UTC] PHP Fatal error:  Uncaught Error: Cannot use object of type WP_Error as array in C:\Users\Beka\Local Sites\acf-website\app\public\wp-content\themes\starter-theme\single-movie.php:24
Stack trace:
#0 C:\Users\Beka\Local Sites\acf-website\app\public\wp-includes\template-loader.php(106): include()
#1 C:\Users\Beka\Local Sites\acf-website\app\public\wp-blog-header.php(19): require_once('C:\\Users\\Beka\\L...')
#2 C:\Users\Beka\Local Sites\acf-website\app\public\index.php(17): require('C:\\Users\\Beka\\L...')
#3 {main}
  thrown in C:\Users\Beka\Local Sites\acf-website\app\public\wp-content\themes\starter-theme\single-movie.php on line 24
[06-May-2024 16:10:41 UTC] PHP Fatal error:  Uncaught Error: Cannot use object of type WP_Error as array in C:\Users\Beka\Local Sites\acf-website\app\public\wp-content\themes\starter-theme\single-movie.php:24
Stack trace:
#0 C:\Users\Beka\Local Sites\acf-website\app\public\wp-includes\template-loader.php(106): include()
#1 C:\Users\Beka\Local Sites\acf-website\app\public\wp-blog-header.php(19): require_once('C:\\Users\\Beka\\L...')
#2 C:\Users\Beka\Local Sites\acf-website\app\public\index.php(17): require('C:\\Users\\Beka\\L...')
#3 {main}
  thrown in C:\Users\Beka\Local Sites\acf-website\app\public\wp-content\themes\starter-theme\single-movie.php on line 24
[06-May-2024 16:10:56 UTC] PHP Fatal error:  Uncaught Error: Cannot use object of type WP_Error as array in C:\Users\Beka\Local Sites\acf-website\app\public\wp-content\themes\starter-theme\single-movie.php:24
Stack trace:
#0 C:\Users\Beka\Local Sites\acf-website\app\public\wp-includes\template-loader.php(106): include()
#1 C:\Users\Beka\Local Sites\acf-website\app\public\wp-blog-header.php(19): require_once('C:\\Users\\Beka\\L...')
#2 C:\Users\Beka\Local Sites\acf-website\app\public\index.php(17): require('C:\\Users\\Beka\\L...')
#3 {main}
  thrown in C:\Users\Beka\Local Sites\acf-website\app\public\wp-content\themes\starter-theme\single-movie.php on line 24
[06-May-2024 16:11:59 UTC] PHP Fatal error:  Uncaught Error: Cannot use object of type WP_Error as array in C:\Users\Beka\Local Sites\acf-website\app\public\wp-content\themes\starter-theme\single-movie.php:24
Stack trace:
#0 C:\Users\Beka\Local Sites\acf-website\app\public\wp-includes\template-loader.php(106): include()
#1 C:\Users\Beka\Local Sites\acf-website\app\public\wp-blog-header.php(19): require_once('C:\\Users\\Beka\\L...')
#2 C:\Users\Beka\Local Sites\acf-website\app\public\index.php(17): require('C:\\Users\\Beka\\L...')
#3 {main}
  thrown in C:\Users\Beka\Local Sites\acf-website\app\public\wp-content\themes\starter-theme\single-movie.php on line 24
[06-May-2024 16:12:00 UTC] PHP Fatal error:  Uncaught Error: Cannot use object of type WP_Error as array in C:\Users\Beka\Local Sites\acf-website\app\public\wp-content\themes\starter-theme\single-movie.php:24
Stack trace:
#0 C:\Users\Beka\Local Sites\acf-website\app\public\wp-includes\template-loader.php(106): include()
#1 C:\Users\Beka\Local Sites\acf-website\app\public\wp-blog-header.php(19): require_once('C:\\Users\\Beka\\L...')
#2 C:\Users\Beka\Local Sites\acf-website\app\public\index.php(17): require('C:\\Users\\Beka\\L...')
#3 {main}
  thrown in C:\Users\Beka\Local Sites\acf-website\app\public\wp-content\themes\starter-theme\single-movie.php on line 24
[06-May-2024 16:12:16 UTC] PHP Fatal error:  Uncaught Error: Cannot use object of type WP_Error as array in C:\Users\Beka\Local Sites\acf-website\app\public\wp-content\themes\starter-theme\single-movie.php:24
Stack trace:
#0 C:\Users\Beka\Local Sites\acf-website\app\public\wp-includes\template-loader.php(106): include()
#1 C:\Users\Beka\Local Sites\acf-website\app\public\wp-blog-header.php(19): require_once('C:\\Users\\Beka\\L...')
#2 C:\Users\Beka\Local Sites\acf-website\app\public\index.php(17): require('C:\\Users\\Beka\\L...')
#3 {main}
  thrown in C:\Users\Beka\Local Sites\acf-website\app\public\wp-content\themes\starter-theme\single-movie.php on line 24
[06-May-2024 16:12:17 UTC] PHP Fatal error:  Uncaught Error: Cannot use object of type WP_Error as array in C:\Users\Beka\Local Sites\acf-website\app\public\wp-content\themes\starter-theme\single-movie.php:24
Stack trace:
#0 C:\Users\Beka\Local Sites\acf-website\app\public\wp-includes\template-loader.php(106): include()
#1 C:\Users\Beka\Local Sites\acf-website\app\public\wp-blog-header.php(19): require_once('C:\\Users\\Beka\\L...')
#2 C:\Users\Beka\Local Sites\acf-website\app\public\index.php(17): require('C:\\Users\\Beka\\L...')
#3 {main}
  thrown in C:\Users\Beka\Local Sites\acf-website\app\public\wp-content\themes\starter-theme\single-movie.php on line 24
[06-May-2024 16:13:18 UTC] PHP Fatal error:  Uncaught Error: Cannot use object of type WP_Error as array in C:\Users\Beka\Local Sites\acf-website\app\public\wp-content\themes\starter-theme\single-movie.php:24
Stack trace:
#0 C:\Users\Beka\Local Sites\acf-website\app\public\wp-includes\template-loader.php(106): include()
#1 C:\Users\Beka\Local Sites\acf-website\app\public\wp-blog-header.php(19): require_once('C:\\Users\\Beka\\L...')
#2 C:\Users\Beka\Local Sites\acf-website\app\public\index.php(17): require('C:\\Users\\Beka\\L...')
#3 {main}
  thrown in C:\Users\Beka\Local Sites\acf-website\app\public\wp-content\themes\starter-theme\single-movie.php on line 24
[06-May-2024 16:13:19 UTC] PHP Fatal error:  Uncaught Error: Cannot use object of type WP_Error as array in C:\Users\Beka\Local Sites\acf-website\app\public\wp-content\themes\starter-theme\single-movie.php:24
Stack trace:
#0 C:\Users\Beka\Local Sites\acf-website\app\public\wp-includes\template-loader.php(106): include()
#1 C:\Users\Beka\Local Sites\acf-website\app\public\wp-blog-header.php(19): require_once('C:\\Users\\Beka\\L...')
#2 C:\Users\Beka\Local Sites\acf-website\app\public\index.php(17): require('C:\\Users\\Beka\\L...')
#3 {main}
  thrown in C:\Users\Beka\Local Sites\acf-website\app\public\wp-content\themes\starter-theme\single-movie.php on line 24
[06-May-2024 16:14:58 UTC] PHP Fatal error:  Uncaught Error: Cannot use object of type WP_Error as array in C:\Users\Beka\Local Sites\acf-website\app\public\wp-content\themes\starter-theme\single-movie.php:24
Stack trace:
#0 C:\Users\Beka\Local Sites\acf-website\app\public\wp-includes\template-loader.php(106): include()
#1 C:\Users\Beka\Local Sites\acf-website\app\public\wp-blog-header.php(19): require_once('C:\\Users\\Beka\\L...')
#2 C:\Users\Beka\Local Sites\acf-website\app\public\index.php(17): require('C:\\Users\\Beka\\L...')
#3 {main}
  thrown in C:\Users\Beka\Local Sites\acf-website\app\public\wp-content\themes\starter-theme\single-movie.php on line 24
[06-May-2024 16:14:59 UTC] PHP Fatal error:  Uncaught Error: Cannot use object of type WP_Error as array in C:\Users\Beka\Local Sites\acf-website\app\public\wp-content\themes\starter-theme\single-movie.php:24
Stack trace:
#0 C:\Users\Beka\Local Sites\acf-website\app\public\wp-includes\template-loader.php(106): include()
#1 C:\Users\Beka\Local Sites\acf-website\app\public\wp-blog-header.php(19): require_once('C:\\Users\\Beka\\L...')
#2 C:\Users\Beka\Local Sites\acf-website\app\public\index.php(17): require('C:\\Users\\Beka\\L...')
#3 {main}
  thrown in C:\Users\Beka\Local Sites\acf-website\app\public\wp-content\themes\starter-theme\single-movie.php on line 24
[06-May-2024 16:15:05 UTC] PHP Fatal error:  Uncaught Error: Cannot use object of type WP_Error as array in C:\Users\Beka\Local Sites\acf-website\app\public\wp-content\themes\starter-theme\single-movie.php:24
Stack trace:
#0 C:\Users\Beka\Local Sites\acf-website\app\public\wp-includes\template-loader.php(106): include()
#1 C:\Users\Beka\Local Sites\acf-website\app\public\wp-blog-header.php(19): require_once('C:\\Users\\Beka\\L...')
#2 C:\Users\Beka\Local Sites\acf-website\app\public\index.php(17): require('C:\\Users\\Beka\\L...')
#3 {main}
  thrown in C:\Users\Beka\Local Sites\acf-website\app\public\wp-content\themes\starter-theme\single-movie.php on line 24
[06-May-2024 16:15:06 UTC] PHP Fatal error:  Uncaught Error: Cannot use object of type WP_Error as array in C:\Users\Beka\Local Sites\acf-website\app\public\wp-content\themes\starter-theme\single-movie.php:24
Stack trace:
#0 C:\Users\Beka\Local Sites\acf-website\app\public\wp-includes\template-loader.php(106): include()
#1 C:\Users\Beka\Local Sites\acf-website\app\public\wp-blog-header.php(19): require_once('C:\\Users\\Beka\\L...')
#2 C:\Users\Beka\Local Sites\acf-website\app\public\index.php(17): require('C:\\Users\\Beka\\L...')
#3 {main}
  thrown in C:\Users\Beka\Local Sites\acf-website\app\public\wp-content\themes\starter-theme\single-movie.php on line 24
[06-May-2024 16:15:14 UTC] PHP Fatal error:  Uncaught Error: Cannot use object of type WP_Error as array in C:\Users\Beka\Local Sites\acf-website\app\public\wp-content\themes\starter-theme\single-movie.php:24
Stack trace:
#0 C:\Users\Beka\Local Sites\acf-website\app\public\wp-includes\template-loader.php(106): include()
#1 C:\Users\Beka\Local Sites\acf-website\app\public\wp-blog-header.php(19): require_once('C:\\Users\\Beka\\L...')
#2 C:\Users\Beka\Local Sites\acf-website\app\public\index.php(17): require('C:\\Users\\Beka\\L...')
#3 {main}
  thrown in C:\Users\Beka\Local Sites\acf-website\app\public\wp-content\themes\starter-theme\single-movie.php on line 24
[06-May-2024 16:21:01 UTC] PHP Parse error:  syntax error, unexpected identifier "print_r" in C:\Users\Beka\Local Sites\acf-website\app\public\wp-content\themes\starter-theme\single-movie.php on line 14
[06-May-2024 16:27:44 UTC] PHP Parse error:  syntax error, unexpected identifier "print_r" in C:\Users\Beka\Local Sites\acf-website\app\public\wp-content\themes\starter-theme\single-movie.php on line 17
[06-May-2024 16:27:49 UTC] PHP Parse error:  syntax error, unexpected identifier "print_r" in C:\Users\Beka\Local Sites\acf-website\app\public\wp-content\themes\starter-theme\single-movie.php on line 17
